<?xml version="1.0" encoding="UTF-8"?>
<!-- Generated by org.testng.reporters.JUnitReportReporter -->
<testsuite hostname="DESKTOP-4VU4J8H" failures="0" tests="1" name="com.qa.TestCases.GetQuoteTestCase" time="0.000" errors="0" timestamp="2021-05-22T20:39:46 IST" skipped="1">
  <testcase classname="com.qa.TestCases.GetQuoteTestCase" name="loginTest" time="0.000">
    <skipped/>
  </testcase> <!-- loginTest -->
  <system-out/>
</testsuite> <!-- com.qa.TestCases.GetQuoteTestCase -->
